<?xml version="1.0" encoding="UTF-8"?>
<testng-results skipped="0" failed="0" ignored="0" total="1" passed="1">
  <reporter-output>
  </reporter-output>
  <suite name="Suite" duration-ms="33" started-at="2020-06-21T01:36:22Z" finished-at="2020-06-21T01:36:22Z">
    <groups>
    </groups>
    <test name="Test" duration-ms="33" started-at="2020-06-21T01:36:22Z" finished-at="2020-06-21T01:36:22Z">
      <class name="MyPractiseJune17.MyPractiseJune17.NewTest">
        <test-method status="PASS" signature="f()[pri:0, instance:MyPractiseJune17.MyPractiseJune17.NewTest@39aeed2f]" name="f" duration-ms="10" started-at="2020-06-21T01:36:22Z" finished-at="2020-06-21T01:36:22Z">
          <reporter-output>
          </reporter-output>
        </test-method> <!-- f -->
      </class> <!-- MyPractiseJune17.MyPractiseJune17.NewTest -->
    </test> <!-- Test -->
  </suite> <!-- Suite -->
</testng-results>
